<?xml version="1.0" encoding="UTF-8"?>
<!-- Generated by org.testng.reporters.JUnitXMLReporter -->
<testsuite ignored="0" hostname="Samis-MacBook-Air.local" failures="0" tests="3" name="REST API: GET" time="14.746" errors="0" timestamp="23 Oct 2023 18:35:44 GMT">
  <testcase classname="REST.GET_List" name="Get_Single" time="11.159"/>
  <testcase classname="REST.GET_List" name="testVerifyData" time="1.759"/>
  <testcase classname="REST.GET_List" name="testVerifyListSize" time="1.448"/>
</testsuite> <!-- REST API: GET -->
