<?xml version="1.0" encoding="UTF-8"?>
<!-- Generated by org.testng.reporters.JUnitXMLReporter -->
<testsuite ignored="0" hostname="Samis-MacBook-Pro.local" failures="0" tests="7" name="Default test" time="78.59" errors="0" timestamp="29 Nov 2023 19:35:08 GMT">
  <testcase classname="Challenge1" name="test1" time="0.538"/>
  <testcase classname="Challenge1" name="test2" time="0.797"/>
  <testcase classname="Challenge1" name="test3" time="1.422"/>
  <testcase classname="Challenge1" name="test4" time="1.01"/>
  <testcase classname="Challenge1" name="test5" time="0.584"/>
  <testcase classname="Challenge1" name="test6" time="1.126"/>
  <testcase classname="Challenge1" name="test7" time="0.54"/>
</testsuite> <!-- Default test -->
