<?xml version="1.0" encoding="UTF-8"?>
<testng-results ignored="0" total="2" passed="2" failed="0" skipped="0">
  <reporter-output>
  </reporter-output>
  <suite started-at="2023-11-26T15:05:37Z" name="Default suite" finished-at="2023-11-26T15:05:41Z" duration-ms="3459">
    <groups>
    </groups>
    <test started-at="2023-11-26T15:05:37Z" name="Default test" finished-at="2023-11-26T15:05:41Z" duration-ms="3459">
      <class name="REST.RestApi_Bdd">
        <test-method signature="createUserPost()[pri:0, instance:REST.RestApi_Bdd@644baf4a]" started-at="2023-11-26T15:05:37Z" name="createUserPost" finished-at="2023-11-26T15:05:39Z" duration-ms="2075" status="PASS">
          <reporter-output>
          </reporter-output>
        </test-method> <!-- createUserPost -->
        <test-method signature="updateDataPUT()[pri:0, instance:REST.RestApi_Bdd@644baf4a]" started-at="2023-11-26T15:05:39Z" name="updateDataPUT" finished-at="2023-11-26T15:05:41Z" depends-on-methods="REST.RestApi_Bdd.createUserPost" duration-ms="1376" status="PASS">
          <reporter-output>
          </reporter-output>
        </test-method> <!-- updateDataPUT -->
      </class> <!-- REST.RestApi_Bdd -->
    </test> <!-- Default test -->
  </suite> <!-- Default suite -->
</testng-results>
