<?xml version="1.0" encoding="UTF-8"?>
<testng-results ignored="0" total="4" passed="4" failed="0" skipped="0">
  <reporter-output>
  </reporter-output>
  <suite started-at="2023-12-04T01:56:17 IST" name="Suite" finished-at="2023-12-04T01:56:19 IST" duration-ms="1860">
    <groups>
    </groups>
    <test started-at="2023-12-04T01:56:17 IST" name="Test Series in Rest API" finished-at="2023-12-04T01:56:19 IST" duration-ms="1860">
      <class name="REST.SeriesTestCase_Post">
        <test-method signature="createUser(org.testng.ITestContext)[pri:0, instance:REST.SeriesTestCase_Post@1f3f4916]" started-at="2023-12-04T01:56:17 IST" name="createUser" finished-at="2023-12-04T01:56:18 IST" duration-ms="918" status="PASS">
          <params>
            <param index="0">
              <value>
                <![CDATA[org.testng.TestRunner@7cc0cdad]]>
              </value>
            </param>
          </params>
          <reporter-output>
          </reporter-output>
        </test-method> <!-- createUser -->
      </class> <!-- REST.SeriesTestCase_Post -->
      <class name="REST.SeriesTestCase_PUT">
        <test-method signature="UpdateUser(org.testng.ITestContext)[pri:0, instance:REST.SeriesTestCase_PUT@5cee5251]" started-at="2023-12-04T01:56:18 IST" name="UpdateUser" finished-at="2023-12-04T01:56:18 IST" duration-ms="332" status="PASS">
          <params>
            <param index="0">
              <value>
                <![CDATA[org.testng.TestRunner@7cc0cdad]]>
              </value>
            </param>
          </params>
          <reporter-output>
          </reporter-output>
        </test-method> <!-- UpdateUser -->
      </class> <!-- REST.SeriesTestCase_PUT -->
      <class name="REST.SeriesTestCase_GET">
        <test-method signature="getUser(org.testng.ITestContext)[pri:0, instance:REST.SeriesTestCase_GET@7adda9cc]" started-at="2023-12-04T01:56:18 IST" name="getUser" finished-at="2023-12-04T01:56:18 IST" duration-ms="258" status="PASS">
          <params>
            <param index="0">
              <value>
                <![CDATA[org.testng.TestRunner@7cc0cdad]]>
              </value>
            </param>
          </params>
          <reporter-output>
          </reporter-output>
        </test-method> <!-- getUser -->
      </class> <!-- REST.SeriesTestCase_GET -->
      <class name="REST.SeriesTestCase_DELETE">
        <test-method signature="DeleteUser(org.testng.ITestContext)[pri:0, instance:REST.SeriesTestCase_DELETE@433d61fb]" started-at="2023-12-04T01:56:18 IST" name="DeleteUser" finished-at="2023-12-04T01:56:19 IST" duration-ms="336" status="PASS">
          <params>
            <param index="0">
              <value>
                <![CDATA[org.testng.TestRunner@7cc0cdad]]>
              </value>
            </param>
          </params>
          <reporter-output>
          </reporter-output>
        </test-method> <!-- DeleteUser -->
      </class> <!-- REST.SeriesTestCase_DELETE -->
    </test> <!-- Test Series in Rest API -->
  </suite> <!-- Suite -->
</testng-results>
